e:\new games base code\common\debug\common.pdb
e:\new games base code\common\debug\common.idb
e:\new games base code\common\debug\gametimer.obj
e:\new games base code\common\debug\keyboard.obj
e:\new games base code\common\debug\maths.obj
e:\new games base code\common\debug\matrix2.obj
e:\new games base code\common\debug\matrix3.obj
e:\new games base code\common\debug\matrix4.obj
e:\new games base code\common\debug\meshgeometry.obj
e:\new games base code\common\debug\mouse.obj
e:\new games base code\common\debug\plane.obj
e:\new games base code\common\debug\quaternion.obj
e:\new games base code\common\debug\rendererbase.obj
e:\new games base code\common\debug\shaderbase.obj
e:\new games base code\common\debug\simplefont.obj
e:\new games base code\common\debug\texturebase.obj
e:\new games base code\common\debug\textureloader.obj
e:\new games base code\common\debug\texturewriter.obj
e:\new games base code\common\debug\win32keyboard.obj
e:\new games base code\common\debug\win32mouse.obj
e:\new games base code\common\debug\win32window.obj
e:\new games base code\common\debug\window.obj
e:\new games base code\common\debug\assets.obj
e:\new games base code\common\debug\camera.obj
e:\new games base code\win32\debug\common.lib
e:\new games base code\win32\debug\common.pdb
e:\new games base code\common\debug\common.tlog\cl.command.1.tlog
e:\new games base code\common\debug\common.tlog\cl.read.1.tlog
e:\new games base code\common\debug\common.tlog\cl.write.1.tlog
e:\new games base code\common\debug\common.tlog\lib-link.read.1.tlog
e:\new games base code\common\debug\common.tlog\lib-link.write.1.tlog
e:\new games base code\common\debug\common.tlog\lib.command.1.tlog
